\BOOKMARK [0][-]{chapter.1}{Complexidade de Problemas}{}% 1
\BOOKMARK [1][-]{section.1.1}{Mapeando o Territ\363rio}{chapter.1}% 2
\BOOKMARK [2][-]{subsection.1.1.1}{Problemas em Intelig\352ncia Artificial}{section.1.1}% 3
\BOOKMARK [2][-]{subsection.1.1.2}{Problemas de Satisfa\347\343o de Restri\347\365es}{section.1.1}% 4
\BOOKMARK [1][-]{section.1.2}{Complexidade}{chapter.1}% 5
\BOOKMARK [1][-]{section.1.3}{\301rvores de Buscas: Ilustrando a Complexidade}{chapter.1}% 6
\BOOKMARK [1][-]{section.1.4}{Conclus\365es Parciais}{chapter.1}% 7
\BOOKMARK [0][-]{chapter.2}{Programa\347\343o por Restri\347\365es}{}% 8
\BOOKMARK [1][-]{section.2.1}{Apresentando a PR}{chapter.2}% 9
\BOOKMARK [1][-]{section.2.2}{Ilustrando os Conceitos}{chapter.2}% 10
\BOOKMARK [1][-]{section.2.3}{Elementos ou Formalizando a PR}{chapter.2}% 11
\BOOKMARK [2][-]{subsection.2.3.1}{Defini\347\365es}{section.2.3}% 12
\BOOKMARK [1][-]{section.2.4}{Modelagem}{chapter.2}% 13
\BOOKMARK [2][-]{subsection.2.4.1}{Exemplo de Modelagem}{section.2.4}% 14
\BOOKMARK [1][-]{section.2.5}{Buscas}{chapter.2}% 15
\BOOKMARK [1][-]{section.2.6}{Acelerando as Buscas}{chapter.2}% 16
\BOOKMARK [1][-]{section.2.7}{Conclus\365es Parciais}{chapter.2}% 17
\BOOKMARK [0][-]{chapter.3}{Tutorial sobre MiniZinc}{}% 18
\BOOKMARK [1][-]{section.3.1}{Contexto}{chapter.3}% 19
\BOOKMARK [1][-]{section.3.2}{Motiva\347\343o}{chapter.3}% 20
\BOOKMARK [2][-]{subsection.3.2.1}{Defini\347\365es Iniciais}{section.3.2}% 21
\BOOKMARK [2][-]{subsection.3.2.2}{Linguagens e Bibliotecas}{section.3.2}% 22
\BOOKMARK [1][-]{section.3.3}{Apresentando o MiniZinc}{chapter.3}% 23
\BOOKMARK [1][-]{section.3.4}{Operacionalidade entre solvers e o MiniZinc}{chapter.3}% 24
\BOOKMARK [1][-]{section.3.5}{Elementos da Linguagem}{chapter.3}% 25
\BOOKMARK [2][-]{subsection.3.5.1}{Um Paradigma Computacional}{section.3.5}% 26
\BOOKMARK [2][-]{subsection.3.5.2}{Estrutura de um Programa em MiniZinc}{section.3.5}% 27
\BOOKMARK [2][-]{subsection.3.5.3}{Constantes ou Par\342metros}{section.3.5}% 28
\BOOKMARK [2][-]{subsection.3.5.4}{Vari\341veis}{section.3.5}% 29
\BOOKMARK [2][-]{subsection.3.5.5}{Restri\347\365es \(Declara\347\365es L\363gicas\)}{section.3.5}% 30
\BOOKMARK [2][-]{subsection.3.5.6}{Satisfatibilidade e Otimiza\347\343o}{section.3.5}% 31
\BOOKMARK [2][-]{subsection.3.5.7}{Sa\355das}{section.3.5}% 32
\BOOKMARK [2][-]{subsection.3.5.8}{Instala\347\343o e Uso}{section.3.5}% 33
\BOOKMARK [1][-]{section.3.6}{Um Exemplo}{chapter.3}% 34
\BOOKMARK [1][-]{section.3.7}{Conclus\365es Parciais}{chapter.3}% 35
\BOOKMARK [0][-]{chapter.4}{Modelagem de Problemas}{}% 36
\BOOKMARK [1][-]{section.4.1}{Os Modelos em Estudo}{chapter.4}% 37
\BOOKMARK [1][-]{section.4.2}{Ilustrando a PR}{chapter.4}% 38
\BOOKMARK [2][-]{subsection.4.2.1}{O bras\343o da Cro\341Xia}{section.4.2}% 39
\BOOKMARK [2][-]{subsection.4.2.2}{Quais s\343o os pontos no tri\342ngulo?}{section.4.2}% 40
\BOOKMARK [2][-]{subsection.4.2.3}{Quais s\343o os pontos? \205 01}{section.4.2}% 41
\BOOKMARK [2][-]{subsection.4.2.4}{Quais s\343o os pontos? \205 02}{section.4.2}% 42
\BOOKMARK [2][-]{subsection.4.2.5}{Quais s\343o os pontos? \205 03}{section.4.2}% 43
\BOOKMARK [1][-]{section.4.3}{Cripto-Aritm\351ticos}{chapter.4}% 44
\BOOKMARK [2][-]{subsection.4.3.1}{O que \351 um cripto-aritm\351tico?}{section.4.3}% 45
\BOOKMARK [2][-]{subsection.4.3.2}{Alguns Criptos}{section.4.3}% 46
\BOOKMARK [2][-]{subsection.4.3.3}{A Equa\347\343o \040``M\341gica''}{section.4.3}% 47
\BOOKMARK [1][-]{section.4.4}{Cabo de Guerra}{chapter.4}% 48
\BOOKMARK [2][-]{subsection.4.4.1}{Descri\347\343o}{section.4.4}% 49
\BOOKMARK [2][-]{subsection.4.4.2}{Especifica\347\343o}{section.4.4}% 50
\BOOKMARK [2][-]{subsection.4.4.3}{Modelagem}{section.4.4}% 51
\BOOKMARK [2][-]{subsection.4.4.4}{Estrat\351gia}{section.4.4}% 52
\BOOKMARK [2][-]{subsection.4.4.5}{Implementa\347\343o}{section.4.4}% 53
\BOOKMARK [2][-]{subsection.4.4.6}{Resultados e An\341lise}{section.4.4}% 54
